<?xml version="1.0" encoding="UTF-8"?>
<coverage generated="1745615836233" clover="3.2.0">
  <project timestamp="1745615836233" name="All files">
    <metrics statements="60" coveredstatements="60" conditionals="31" coveredconditionals="31" methods="15" coveredmethods="15" elements="106" coveredelements="106" complexity="0" loc="60" ncloc="60" packages="1" files="3" classes="3"/>
    <file name="FigureCalculator.js" path="/Users/aldi/Developer/learning-center/nodejs-app/math-api/src/FigureCalculator.js">
      <metrics statements="26" coveredstatements="26" conditionals="25" coveredconditionals="25" methods="5" coveredmethods="5"/>
      <line num="3" count="13" type="stmt"/>
      <line num="7" count="7" type="cond" truecount="2" falsecount="0"/>
      <line num="8" count="3" type="stmt"/>
      <line num="11" count="4" type="stmt"/>
      <line num="13" count="4" type="cond" truecount="4" falsecount="0"/>
      <line num="14" count="3" type="stmt"/>
      <line num="17" count="1" type="stmt"/>
      <line num="21" count="7" type="cond" truecount="2" falsecount="0"/>
      <line num="22" count="3" type="stmt"/>
      <line num="25" count="4" type="stmt"/>
      <line num="27" count="4" type="cond" truecount="4" falsecount="0"/>
      <line num="28" count="3" type="stmt"/>
      <line num="31" count="1" type="stmt"/>
      <line num="35" count="8" type="cond" truecount="2" falsecount="0"/>
      <line num="36" count="4" type="stmt"/>
      <line num="39" count="4" type="stmt"/>
      <line num="41" count="4" type="cond" truecount="5" falsecount="0"/>
      <line num="42" count="3" type="stmt"/>
      <line num="45" count="1" type="stmt"/>
      <line num="49" count="7" type="cond" truecount="2" falsecount="0"/>
      <line num="50" count="3" type="stmt"/>
      <line num="53" count="4" type="stmt"/>
      <line num="55" count="4" type="cond" truecount="4" falsecount="0"/>
      <line num="56" count="3" type="stmt"/>
      <line num="59" count="1" type="stmt"/>
      <line num="63" count="1" type="stmt"/>
    </file>
    <file name="MathBasic.js" path="/Users/aldi/Developer/learning-center/nodejs-app/math-api/src/MathBasic.js">
      <metrics statements="16" coveredstatements="16" conditionals="6" coveredconditionals="6" methods="5" coveredmethods="5"/>
      <line num="1" count="3" type="stmt"/>
      <line num="3" count="51" type="cond" truecount="2" falsecount="0"/>
      <line num="4" count="16" type="stmt"/>
      <line num="7" count="35" type="stmt"/>
      <line num="9" count="35" type="cond" truecount="4" falsecount="0"/>
      <line num="10" count="12" type="stmt"/>
      <line num="12" count="23" type="stmt"/>
      <line num="15" count="14" type="stmt"/>
      <line num="16" count="7" type="stmt"/>
      <line num="19" count="11" type="stmt"/>
      <line num="20" count="4" type="stmt"/>
      <line num="23" count="15" type="stmt"/>
      <line num="24" count="8" type="stmt"/>
      <line num="27" count="11" type="stmt"/>
      <line num="28" count="4" type="stmt"/>
      <line num="32" count="3" type="stmt"/>
    </file>
    <file name="createServer.js" path="/Users/aldi/Developer/learning-center/nodejs-app/math-api/src/createServer.js">
      <metrics statements="18" coveredstatements="18" conditionals="0" coveredconditionals="0" methods="5" coveredmethods="5"/>
      <line num="1" count="1" type="stmt"/>
      <line num="3" count="1" type="stmt"/>
      <line num="4" count="4" type="stmt"/>
      <line num="9" count="4" type="stmt"/>
      <line num="14" count="1" type="stmt"/>
      <line num="15" count="1" type="stmt"/>
      <line num="16" count="1" type="stmt"/>
      <line num="23" count="1" type="stmt"/>
      <line num="24" count="1" type="stmt"/>
      <line num="25" count="1" type="stmt"/>
      <line num="32" count="1" type="stmt"/>
      <line num="33" count="1" type="stmt"/>
      <line num="34" count="1" type="stmt"/>
      <line num="41" count="1" type="stmt"/>
      <line num="42" count="1" type="stmt"/>
      <line num="43" count="1" type="stmt"/>
      <line num="48" count="4" type="stmt"/>
      <line num="51" count="1" type="stmt"/>
    </file>
  </project>
</coverage>
