{"/Users/aldi/Developer/learning-center/nodejs-app/math-api/src/FigureCalculator.js": {"path":"/Users/aldi/Developer/learning-center/nodejs-app/math-api/src/FigureCalculator.js","statementMap":{"0":{"start":{"line":3,"column":4},"end":{"line":3,"column":32}},"1":{"start":{"line":7,"column":4},"end":{"line":9,"column":5}},"2":{"start":{"line":8,"column":6},"end":{"line":8,"column":59}},"3":{"start":{"line":11,"column":28},"end":{"line":11,"column":32}},"4":{"start":{"line":13,"column":4},"end":{"line":15,"column":5}},"5":{"start":{"line":14,"column":6},"end":{"line":14,"column":64}},"6":{"start":{"line":17,"column":4},"end":{"line":17,"column":75}},"7":{"start":{"line":21,"column":4},"end":{"line":23,"column":5}},"8":{"start":{"line":22,"column":6},"end":{"line":22,"column":59}},"9":{"start":{"line":25,"column":28},"end":{"line":25,"column":32}},"10":{"start":{"line":27,"column":4},"end":{"line":29,"column":5}},"11":{"start":{"line":28,"column":6},"end":{"line":28,"column":64}},"12":{"start":{"line":31,"column":4},"end":{"line":31,"column":51}},"13":{"start":{"line":35,"column":4},"end":{"line":37,"column":5}},"14":{"start":{"line":36,"column":6},"end":{"line":36,"column":59}},"15":{"start":{"line":39,"column":25},"end":{"line":39,"column":29}},"16":{"start":{"line":41,"column":4},"end":{"line":43,"column":5}},"17":{"start":{"line":42,"column":6},"end":{"line":42,"column":64}},"18":{"start":{"line":45,"column":4},"end":{"line":45,"column":64}},"19":{"start":{"line":49,"column":4},"end":{"line":51,"column":5}},"20":{"start":{"line":50,"column":6},"end":{"line":50,"column":59}},"21":{"start":{"line":53,"column":27},"end":{"line":53,"column":31}},"22":{"start":{"line":55,"column":4},"end":{"line":57,"column":5}},"23":{"start":{"line":56,"column":6},"end":{"line":56,"column":64}},"24":{"start":{"line":59,"column":4},"end":{"line":59,"column":81}},"25":{"start":{"line":63,"column":0},"end":{"line":63,"column":34}}},"fnMap":{"0":{"name":"(anonymous_0)","decl":{"start":{"line":2,"column":2},"end":{"line":2,"column":3}},"loc":{"start":{"line":2,"column":25},"end":{"line":4,"column":3}},"line":2},"1":{"name":"(anonymous_1)","decl":{"start":{"line":6,"column":2},"end":{"line":6,"column":3}},"loc":{"start":{"line":6,"column":39},"end":{"line":18,"column":3}},"line":6},"2":{"name":"(anonymous_2)","decl":{"start":{"line":20,"column":2},"end":{"line":20,"column":3}},"loc":{"start":{"line":20,"column":34},"end":{"line":32,"column":3}},"line":20},"3":{"name":"(anonymous_3)","decl":{"start":{"line":34,"column":2},"end":{"line":34,"column":3}},"loc":{"start":{"line":34,"column":38},"end":{"line":46,"column":3}},"line":34},"4":{"name":"(anonymous_4)","decl":{"start":{"line":48,"column":2},"end":{"line":48,"column":3}},"loc":{"start":{"line":48,"column":33},"end":{"line":60,"column":3}},"line":48}},"branchMap":{"0":{"loc":{"start":{"line":7,"column":4},"end":{"line":9,"column":5}},"type":"if","locations":[{"start":{"line":7,"column":4},"end":{"line":9,"column":5}},{"start":{},"end":{}}],"line":7},"1":{"loc":{"start":{"line":13,"column":4},"end":{"line":15,"column":5}},"type":"if","locations":[{"start":{"line":13,"column":4},"end":{"line":15,"column":5}},{"start":{},"end":{}}],"line":13},"2":{"loc":{"start":{"line":13,"column":8},"end":{"line":13,"column":63}},"type":"binary-expr","locations":[{"start":{"line":13,"column":8},"end":{"line":13,"column":34}},{"start":{"line":13,"column":38},"end":{"line":13,"column":63}}],"line":13},"3":{"loc":{"start":{"line":21,"column":4},"end":{"line":23,"column":5}},"type":"if","locations":[{"start":{"line":21,"column":4},"end":{"line":23,"column":5}},{"start":{},"end":{}}],"line":21},"4":{"loc":{"start":{"line":27,"column":4},"end":{"line":29,"column":5}},"type":"if","locations":[{"start":{"line":27,"column":4},"end":{"line":29,"column":5}},{"start":{},"end":{}}],"line":27},"5":{"loc":{"start":{"line":27,"column":8},"end":{"line":27,"column":63}},"type":"binary-expr","locations":[{"start":{"line":27,"column":8},"end":{"line":27,"column":34}},{"start":{"line":27,"column":38},"end":{"line":27,"column":63}}],"line":27},"6":{"loc":{"start":{"line":35,"column":4},"end":{"line":37,"column":5}},"type":"if","locations":[{"start":{"line":35,"column":4},"end":{"line":37,"column":5}},{"start":{},"end":{}}],"line":35},"7":{"loc":{"start":{"line":41,"column":4},"end":{"line":43,"column":5}},"type":"if","locations":[{"start":{"line":41,"column":4},"end":{"line":43,"column":5}},{"start":{},"end":{}}],"line":41},"8":{"loc":{"start":{"line":41,"column":8},"end":{"line":41,"column":82}},"type":"binary-expr","locations":[{"start":{"line":41,"column":8},"end":{"line":41,"column":32}},{"start":{"line":41,"column":36},"end":{"line":41,"column":57}},{"start":{"line":41,"column":61},"end":{"line":41,"column":82}}],"line":41},"9":{"loc":{"start":{"line":49,"column":4},"end":{"line":51,"column":5}},"type":"if","locations":[{"start":{"line":49,"column":4},"end":{"line":51,"column":5}},{"start":{},"end":{}}],"line":49},"10":{"loc":{"start":{"line":55,"column":4},"end":{"line":57,"column":5}},"type":"if","locations":[{"start":{"line":55,"column":4},"end":{"line":57,"column":5}},{"start":{},"end":{}}],"line":55},"11":{"loc":{"start":{"line":55,"column":8},"end":{"line":55,"column":62}},"type":"binary-expr","locations":[{"start":{"line":55,"column":8},"end":{"line":55,"column":32}},{"start":{"line":55,"column":36},"end":{"line":55,"column":62}}],"line":55}},"s":{"0":13,"1":7,"2":3,"3":4,"4":4,"5":3,"6":1,"7":7,"8":3,"9":4,"10":4,"11":3,"12":1,"13":8,"14":4,"15":4,"16":4,"17":3,"18":1,"19":7,"20":3,"21":4,"22":4,"23":3,"24":1,"25":1},"f":{"0":13,"1":7,"2":7,"3":8,"4":7},"b":{"0":[3,4],"1":[3,1],"2":[4,1],"3":[3,4],"4":[3,1],"5":[4,1],"6":[4,4],"7":[3,1],"8":[4,1,1],"9":[3,4],"10":[3,1],"11":[4,1]},"_coverageSchema":"1a1c01bbd47fc00a2c39e90264f33305004495a9","hash":"4e2655c230f3bec1b0f3c2d1a0e504d3d181b204"}
,"/Users/aldi/Developer/learning-center/nodejs-app/math-api/src/MathBasic.js": {"path":"/Users/aldi/Developer/learning-center/nodejs-app/math-api/src/MathBasic.js","statementMap":{"0":{"start":{"line":1,"column":18},"end":{"line":30,"column":1}},"1":{"start":{"line":3,"column":4},"end":{"line":5,"column":5}},"2":{"start":{"line":4,"column":6},"end":{"line":4,"column":61}},"3":{"start":{"line":7,"column":19},"end":{"line":7,"column":23}},"4":{"start":{"line":9,"column":4},"end":{"line":11,"column":5}},"5":{"start":{"line":10,"column":6},"end":{"line":10,"column":64}},"6":{"start":{"line":12,"column":4},"end":{"line":12,"column":16}},"7":{"start":{"line":15,"column":19},"end":{"line":15,"column":43}},"8":{"start":{"line":16,"column":4},"end":{"line":16,"column":17}},"9":{"start":{"line":19,"column":19},"end":{"line":19,"column":43}},"10":{"start":{"line":20,"column":4},"end":{"line":20,"column":17}},"11":{"start":{"line":23,"column":19},"end":{"line":23,"column":43}},"12":{"start":{"line":24,"column":4},"end":{"line":24,"column":17}},"13":{"start":{"line":27,"column":19},"end":{"line":27,"column":43}},"14":{"start":{"line":28,"column":4},"end":{"line":28,"column":17}},"15":{"start":{"line":32,"column":0},"end":{"line":32,"column":27}}},"fnMap":{"0":{"name":"(anonymous_0)","decl":{"start":{"line":2,"column":2},"end":{"line":2,"column":3}},"loc":{"start":{"line":2,"column":22},"end":{"line":13,"column":3}},"line":2},"1":{"name":"(anonymous_1)","decl":{"start":{"line":14,"column":2},"end":{"line":14,"column":3}},"loc":{"start":{"line":14,"column":15},"end":{"line":17,"column":3}},"line":14},"2":{"name":"(anonymous_2)","decl":{"start":{"line":18,"column":2},"end":{"line":18,"column":3}},"loc":{"start":{"line":18,"column":20},"end":{"line":21,"column":3}},"line":18},"3":{"name":"(anonymous_3)","decl":{"start":{"line":22,"column":2},"end":{"line":22,"column":3}},"loc":{"start":{"line":22,"column":20},"end":{"line":25,"column":3}},"line":22},"4":{"name":"(anonymous_4)","decl":{"start":{"line":26,"column":2},"end":{"line":26,"column":3}},"loc":{"start":{"line":26,"column":18},"end":{"line":29,"column":3}},"line":26}},"branchMap":{"0":{"loc":{"start":{"line":3,"column":4},"end":{"line":5,"column":5}},"type":"if","locations":[{"start":{"line":3,"column":4},"end":{"line":5,"column":5}},{"start":{},"end":{}}],"line":3},"1":{"loc":{"start":{"line":9,"column":4},"end":{"line":11,"column":5}},"type":"if","locations":[{"start":{"line":9,"column":4},"end":{"line":11,"column":5}},{"start":{},"end":{}}],"line":9},"2":{"loc":{"start":{"line":9,"column":8},"end":{"line":9,"column":54}},"type":"binary-expr","locations":[{"start":{"line":9,"column":8},"end":{"line":9,"column":29}},{"start":{"line":9,"column":33},"end":{"line":9,"column":54}}],"line":9}},"s":{"0":2,"1":47,"2":16,"3":31,"4":31,"5":12,"6":19,"7":13,"8":6,"9":10,"10":3,"11":14,"12":7,"13":10,"14":3,"15":2},"f":{"0":47,"1":13,"2":10,"3":14,"4":10},"b":{"0":[16,31],"1":[12,19],"2":[31,19]},"_coverageSchema":"1a1c01bbd47fc00a2c39e90264f33305004495a9","hash":"075b515e0aecd1a82aceeafaa36dd2a776b6afc3"}
}
