TN:
SF:src/FigureCalculator.js
FN:2,(anonymous_0)
FN:6,(anonymous_1)
FN:20,(anonymous_2)
FN:34,(anonymous_3)
FN:48,(anonymous_4)
FNF:5
FNH:5
FNDA:17,(anonymous_0)
FNDA:8,(anonymous_1)
FNDA:8,(anonymous_2)
FNDA:9,(anonymous_3)
FNDA:8,(anonymous_4)
DA:3,17
DA:7,8
DA:8,3
DA:11,5
DA:13,5
DA:14,3
DA:17,2
DA:21,8
DA:22,3
DA:25,5
DA:27,5
DA:28,3
DA:31,2
DA:35,9
DA:36,4
DA:39,5
DA:41,5
DA:42,3
DA:45,2
DA:49,8
DA:50,3
DA:53,5
DA:55,5
DA:56,3
DA:59,2
DA:63,2
LF:26
LH:26
BRDA:7,0,0,3
BRDA:7,0,1,5
BRDA:13,1,0,3
BRDA:13,1,1,2
BRDA:13,2,0,5
BRDA:13,2,1,2
BRDA:21,3,0,3
BRDA:21,3,1,5
BRDA:27,4,0,3
BRDA:27,4,1,2
BRDA:27,5,0,5
BRDA:27,5,1,2
BRDA:35,6,0,4
BRDA:35,6,1,5
BRDA:41,7,0,3
BRDA:41,7,1,2
BRDA:41,8,0,5
BRDA:41,8,1,2
BRDA:41,8,2,2
BRDA:49,9,0,3
BRDA:49,9,1,5
BRDA:55,10,0,3
BRDA:55,10,1,2
BRDA:55,11,0,5
BRDA:55,11,1,2
BRF:25
BRH:25
end_of_record
TN:
SF:src/MathBasic.js
FN:2,(anonymous_0)
FN:14,(anonymous_1)
FN:18,(anonymous_2)
FN:22,(anonymous_3)
FN:26,(anonymous_4)
FNF:5
FNH:5
FNDA:58,(anonymous_0)
FNDA:17,(anonymous_1)
FNDA:11,(anonymous_2)
FNDA:19,(anonymous_3)
FNDA:11,(anonymous_4)
DA:1,3
DA:3,58
DA:4,16
DA:7,42
DA:9,42
DA:10,12
DA:12,30
DA:15,17
DA:16,10
DA:19,11
DA:20,4
DA:23,19
DA:24,12
DA:27,11
DA:28,4
DA:32,3
LF:16
LH:16
BRDA:3,0,0,16
BRDA:3,0,1,42
BRDA:9,1,0,12
BRDA:9,1,1,30
BRDA:9,2,0,42
BRDA:9,2,1,30
BRF:6
BRH:6
end_of_record
TN:
SF:src/createServer.js
FN:3,(anonymous_0)
FN:13,(anonymous_1)
FN:22,(anonymous_2)
FN:31,(anonymous_3)
FN:40,(anonymous_4)
FN:49,(anonymous_5)
FN:58,(anonymous_6)
FN:67,(anonymous_7)
FN:80,(anonymous_8)
FNF:9
FNH:9
FNDA:8,(anonymous_0)
FNDA:1,(anonymous_1)
FNDA:1,(anonymous_2)
FNDA:1,(anonymous_3)
FNDA:1,(anonymous_4)
FNDA:1,(anonymous_5)
FNDA:1,(anonymous_6)
FNDA:1,(anonymous_7)
FNDA:1,(anonymous_8)
DA:1,1
DA:3,1
DA:4,8
DA:9,8
DA:14,1
DA:15,1
DA:16,1
DA:23,1
DA:24,1
DA:25,1
DA:32,1
DA:33,1
DA:34,1
DA:41,1
DA:42,1
DA:43,1
DA:50,1
DA:51,1
DA:52,1
DA:59,1
DA:60,1
DA:61,1
DA:68,1
DA:69,1
DA:74,1
DA:81,1
DA:82,1
DA:83,1
DA:88,8
DA:91,1
LF:30
LH:30
BRF:0
BRH:0
end_of_record
