TN:
SF:src/FigureCalculator.js
FN:2,(anonymous_0)
FN:6,(anonymous_1)
FN:20,(anonymous_2)
FN:34,(anonymous_3)
FN:48,(anonymous_4)
FNF:5
FNH:5
FNDA:14,(anonymous_0)
FNDA:8,(anonymous_1)
FNDA:7,(anonymous_2)
FNDA:8,(anonymous_3)
FNDA:7,(anonymous_4)
DA:3,14
DA:7,8
DA:8,3
DA:11,5
DA:13,5
DA:14,3
DA:17,2
DA:21,7
DA:22,3
DA:25,4
DA:27,4
DA:28,3
DA:31,1
DA:35,8
DA:36,4
DA:39,4
DA:41,4
DA:42,3
DA:45,1
DA:49,7
DA:50,3
DA:53,4
DA:55,4
DA:56,3
DA:59,1
DA:63,2
LF:26
LH:26
BRDA:7,0,0,3
BRDA:7,0,1,5
BRDA:13,1,0,3
BRDA:13,1,1,2
BRDA:13,2,0,5
BRDA:13,2,1,2
BRDA:21,3,0,3
BRDA:21,3,1,4
BRDA:27,4,0,3
BRDA:27,4,1,1
BRDA:27,5,0,4
BRDA:27,5,1,1
BRDA:35,6,0,4
BRDA:35,6,1,4
BRDA:41,7,0,3
BRDA:41,7,1,1
BRDA:41,8,0,4
BRDA:41,8,1,1
BRDA:41,8,2,1
BRDA:49,9,0,3
BRDA:49,9,1,4
BRDA:55,10,0,3
BRDA:55,10,1,1
BRDA:55,11,0,4
BRDA:55,11,1,1
BRF:25
BRH:25
end_of_record
TN:
SF:src/MathBasic.js
FN:2,(anonymous_0)
FN:14,(anonymous_1)
FN:18,(anonymous_2)
FN:22,(anonymous_3)
FN:26,(anonymous_4)
FNF:5
FNH:5
FNDA:53,(anonymous_0)
FNDA:15,(anonymous_1)
FNDA:11,(anonymous_2)
FNDA:16,(anonymous_3)
FNDA:11,(anonymous_4)
DA:1,3
DA:3,53
DA:4,16
DA:7,37
DA:9,37
DA:10,12
DA:12,25
DA:15,15
DA:16,8
DA:19,11
DA:20,4
DA:23,16
DA:24,9
DA:27,11
DA:28,4
DA:32,3
LF:16
LH:16
BRDA:3,0,0,16
BRDA:3,0,1,37
BRDA:9,1,0,12
BRDA:9,1,1,25
BRDA:9,2,0,37
BRDA:9,2,1,25
BRF:6
BRH:6
end_of_record
TN:
SF:src/createServer.js
FN:3,(anonymous_0)
FN:13,(anonymous_1)
FN:22,(anonymous_2)
FN:31,(anonymous_3)
FN:40,(anonymous_4)
FN:49,(anonymous_5)
FNF:6
FNH:6
FNDA:5,(anonymous_0)
FNDA:1,(anonymous_1)
FNDA:1,(anonymous_2)
FNDA:1,(anonymous_3)
FNDA:1,(anonymous_4)
FNDA:1,(anonymous_5)
DA:1,1
DA:3,1
DA:4,5
DA:9,5
DA:14,1
DA:15,1
DA:16,1
DA:23,1
DA:24,1
DA:25,1
DA:32,1
DA:33,1
DA:34,1
DA:41,1
DA:42,1
DA:43,1
DA:50,1
DA:51,1
DA:52,1
DA:57,5
DA:60,1
LF:21
LH:21
BRF:0
BRH:0
end_of_record
